Found 3 route(s)

================================================================================

ROUTE 1:
--------------------------------------------------------------------------------
Route via: Die Auffahrt auf Sossenheimer Str. nehmen, Links halten und weiter auf Neuwirtshäuser Str., Rechts abbiegen auf Auheimer Str.
Duration: 34.8 minutes (2088 seconds)
Distance: 44.5 km
Duration without traffic: 36.2 minutes
Traffic delay: -84 seconds (-1.4 minutes)
--------------------------------------------------------------------------------

ROUTE 2:
--------------------------------------------------------------------------------
Route via: Die Auffahrt auf Sossenheimer Str. nehmen, Rechts abbiegen auf Frankfurter Str.
Duration: 37.9 minutes (2271 seconds)
Distance: 61.4 km
Duration without traffic: 41.2 minutes
Traffic delay: -200 seconds (-3.3 minutes)
--------------------------------------------------------------------------------

ROUTE 3:
--------------------------------------------------------------------------------
Route via: Die Auffahrt auf Sossenheimer Str. nehmen, Rechts abbiegen auf Rat-Beil-Straße, Rechts abbiegen auf Frankfurter Str.
Duration: 39.3 minutes (2358 seconds)
Distance: 40.1 km
Duration without traffic: 42.8 minutes
Traffic delay: -207 seconds (-3.5 minutes)
--------------------------------------------------------------------------------
