Found 3 route(s)

================================================================================

ROUTE 1:
--------------------------------------------------------------------------------
Route via: Rechts abbiegen auf Auheimer Str., Rechts abbiegen auf Frankfurter Str., Die Auffahrt auf Sossenheimer Str. nehmen
Duration: 37.1 minutes (2226 seconds)
Distance: 44.5 km
Duration without traffic: 36.2 minutes
Traffic delay: 54 seconds (0.9 minutes)
--------------------------------------------------------------------------------

ROUTE 2:
--------------------------------------------------------------------------------
Route via: Die Auffahrt auf Sossenheimer Str. nehmen, Rechts abbiegen auf Frankfurter Str.
Duration: 41.1 minutes (2469 seconds)
Distance: 61.4 km
Duration without traffic: 41.2 minutes
Traffic delay: -2 seconds (-0.0 minutes)
--------------------------------------------------------------------------------

ROUTE 3:
--------------------------------------------------------------------------------
Route via: Rechts abbiegen auf Frankfurter Str., Die Auffahrt auf Sossenheimer Str. nehmen, Weiter auf Aschaffenburger Str.
Duration: 41.8 minutes (2510 seconds)
Distance: 40.1 km
Duration without traffic: 42.8 minutes
Traffic delay: -55 seconds (-0.9 minutes)
--------------------------------------------------------------------------------
