Found 3 route(s)

================================================================================

ROUTE 1:
--------------------------------------------------------------------------------
Route via: Links halten und weiter auf Neuwirtshäuser Str., Rechts abbiegen auf Frankfurter Str., Die Auffahrt auf Sossenheimer Str. nehmen
Duration: 37.2 minutes (2235 seconds)
Distance: 44.5 km
Duration without traffic: 36.2 minutes
Traffic delay: 63 seconds (1.1 minutes)
--------------------------------------------------------------------------------

ROUTE 2:
--------------------------------------------------------------------------------
Route via: Die Auffahrt auf Sossenheimer Str. nehmen, Bei Ausfahrt 33-Maintal-Bischofsheim Richtung Maintal-Bischofsheim/West/Frankfurt/Stadtmitte fahren, Weiter auf Aschaffenburger Str.
Duration: 42.3 minutes (2539 seconds)
Distance: 51.0 km
Duration without traffic: 43.2 minutes
Traffic delay: -55 seconds (-0.9 minutes)
--------------------------------------------------------------------------------

ROUTE 3:
--------------------------------------------------------------------------------
Route via: Die Auffahrt auf Sossenheimer Str. nehmen, Rechts abbiegen auf Rat-Beil-Straße, Weiter auf Aschaffenburger Str.
Duration: 43.2 minutes (2595 seconds)
Distance: 40.1 km
Duration without traffic: 42.8 minutes
Traffic delay: 30 seconds (0.5 minutes)
--------------------------------------------------------------------------------
