Found 3 route(s)

================================================================================

ROUTE 1:
--------------------------------------------------------------------------------
Route via: Nach links abbiegen, um auf Neuwirtshäuser Str. zu bleiben, Links halten und weiter auf Neuwirtshäuser Str., Die Auffahrt auf Sossenheimer Str. nehmen
Duration: 33.8 minutes (2027 seconds)
Distance: 44.5 km
Duration without traffic: 36.2 minutes
Traffic delay: -145 seconds (-2.4 minutes)
--------------------------------------------------------------------------------

ROUTE 2:
--------------------------------------------------------------------------------
Route via: Weiter auf Aschaffenburger Str., Die Auffahrt auf Sossenheimer Str. nehmen, Rechts abbiegen auf Rat-Beil-Straße
Duration: 38.2 minutes (2290 seconds)
Distance: 40.1 km
Duration without traffic: 42.8 minutes
Traffic delay: -275 seconds (-4.6 minutes)
--------------------------------------------------------------------------------

ROUTE 3:
--------------------------------------------------------------------------------
Route via: Nach links abbiegen, um auf Neuwirtshäuser Str. zu bleiben, Links halten und weiter auf Neuwirtshäuser Str., Die Auffahrt auf Sossenheimer Str. nehmen
Duration: 41.0 minutes (2461 seconds)
Distance: 55.6 km
Duration without traffic: 44.0 minutes
Traffic delay: -177 seconds (-3.0 minutes)
--------------------------------------------------------------------------------
