Found 3 route(s)

================================================================================

ROUTE 1:
--------------------------------------------------------------------------------
Route via: Rechts abbiegen auf Auheimer Str., Die Auffahrt auf Sossenheimer Str. nehmen, Nach links abbiegen, um auf Neuwirtshäuser Str. zu bleiben
Duration: 32.8 minutes (1967 seconds)
Distance: 44.5 km
Duration without traffic: 36.2 minutes
Traffic delay: -205 seconds (-3.4 minutes)
--------------------------------------------------------------------------------

ROUTE 2:
--------------------------------------------------------------------------------
Route via: Weiter auf Aschaffenburger Str., Rechts abbiegen auf Frankfurter Str., Rechts abbiegen auf Rat-Beil-Straße
Duration: 36.6 minutes (2196 seconds)
Distance: 40.1 km
Duration without traffic: 42.8 minutes
Traffic delay: -369 seconds (-6.2 minutes)
--------------------------------------------------------------------------------

ROUTE 3:
--------------------------------------------------------------------------------
Route via: Rechts abbiegen auf Auheimer Str., Die Auffahrt auf Sossenheimer Str. nehmen, Nach links abbiegen, um auf Neuwirtshäuser Str. zu bleiben
Duration: 40.2 minutes (2413 seconds)
Distance: 55.6 km
Duration without traffic: 44.0 minutes
Traffic delay: -225 seconds (-3.8 minutes)
--------------------------------------------------------------------------------
