Found 3 route(s)

================================================================================

ROUTE 1:
--------------------------------------------------------------------------------
Route via: Nach links abbiegen, um auf Neuwirtshäuser Str. zu bleiben, Links halten und weiter auf Neuwirtshäuser Str., Rechts abbiegen auf Frankfurter Str.
Duration: 34.8 minutes (2085 seconds)
Distance: 44.5 km
Duration without traffic: 36.2 minutes
Traffic delay: -87 seconds (-1.4 minutes)
--------------------------------------------------------------------------------

ROUTE 2:
--------------------------------------------------------------------------------
Route via: Rechts abbiegen auf Frankfurter Str., Die Auffahrt auf Sossenheimer Str. nehmen
Duration: 37.9 minutes (2272 seconds)
Distance: 61.4 km
Duration without traffic: 41.2 minutes
Traffic delay: -199 seconds (-3.3 minutes)
--------------------------------------------------------------------------------

ROUTE 3:
--------------------------------------------------------------------------------
Route via: Rechts abbiegen auf Frankfurter Str., Rechts abbiegen auf Rat-Beil-Straße, Weiter auf Aschaffenburger Str.
Duration: 39.8 minutes (2389 seconds)
Distance: 40.1 km
Duration without traffic: 42.8 minutes
Traffic delay: -176 seconds (-2.9 minutes)
--------------------------------------------------------------------------------
