Found 3 route(s)

================================================================================

ROUTE 1:
--------------------------------------------------------------------------------
Route via: Rechts abbiegen auf Auheimer Str., Nach links abbiegen, um auf Neuwirtshäuser Str. zu bleiben, Die Auffahrt auf Sossenheimer Str. nehmen
Duration: 34.9 minutes (2095 seconds)
Distance: 44.5 km
Duration without traffic: 36.2 minutes
Traffic delay: -77 seconds (-1.3 minutes)
--------------------------------------------------------------------------------

ROUTE 2:
--------------------------------------------------------------------------------
Route via: Rechts abbiegen auf Frankfurter Str., Die Auffahrt auf Sossenheimer Str. nehmen
Duration: 37.9 minutes (2275 seconds)
Distance: 61.4 km
Duration without traffic: 41.2 minutes
Traffic delay: -196 seconds (-3.3 minutes)
--------------------------------------------------------------------------------

ROUTE 3:
--------------------------------------------------------------------------------
Route via: Die Auffahrt auf Sossenheimer Str. nehmen, Rechts abbiegen auf Frankfurter Str., Weiter auf Aschaffenburger Str.
Duration: 39.5 minutes (2373 seconds)
Distance: 40.1 km
Duration without traffic: 42.8 minutes
Traffic delay: -192 seconds (-3.2 minutes)
--------------------------------------------------------------------------------
