Found 3 route(s)

================================================================================

ROUTE 1:
--------------------------------------------------------------------------------
Route via: Die Auffahrt auf Sossenheimer Str. nehmen, Rechts abbiegen auf Frankfurter Str., Rechts abbiegen auf Auheimer Str.
Duration: 33.6 minutes (2019 seconds)
Distance: 44.5 km
Duration without traffic: 36.2 minutes
Traffic delay: -153 seconds (-2.5 minutes)
--------------------------------------------------------------------------------

ROUTE 2:
--------------------------------------------------------------------------------
Route via: Weiter auf Aschaffenburger Str., Die Auffahrt auf Sossenheimer Str. nehmen, Rechts abbiegen auf Rat-Beil-Straße
Duration: 38.4 minutes (2306 seconds)
Distance: 40.1 km
Duration without traffic: 42.8 minutes
Traffic delay: -259 seconds (-4.3 minutes)
--------------------------------------------------------------------------------

ROUTE 3:
--------------------------------------------------------------------------------
Route via: Die Auffahrt auf Sossenheimer Str. nehmen, Rechts abbiegen auf Frankfurter Str., Rechts abbiegen auf Auheimer Str.
Duration: 40.8 minutes (2449 seconds)
Distance: 55.6 km
Duration without traffic: 44.0 minutes
Traffic delay: -189 seconds (-3.1 minutes)
--------------------------------------------------------------------------------
