Found 3 route(s)

================================================================================

ROUTE 1:
--------------------------------------------------------------------------------
Route via: Links halten und weiter auf Neuwirtshäuser Str., Die Auffahrt auf Sossenheimer Str. nehmen, Rechts abbiegen auf Auheimer Str.
Duration: 34.1 minutes (2045 seconds)
Distance: 44.5 km
Duration without traffic: 36.2 minutes
Traffic delay: -127 seconds (-2.1 minutes)
--------------------------------------------------------------------------------

ROUTE 2:
--------------------------------------------------------------------------------
Route via: Die Auffahrt auf Sossenheimer Str. nehmen, Rechts abbiegen auf Frankfurter Str.
Duration: 37.5 minutes (2249 seconds)
Distance: 61.4 km
Duration without traffic: 41.2 minutes
Traffic delay: -222 seconds (-3.7 minutes)
--------------------------------------------------------------------------------

ROUTE 3:
--------------------------------------------------------------------------------
Route via: Die Auffahrt auf Sossenheimer Str. nehmen, Rechts abbiegen auf Rat-Beil-Straße, Rechts abbiegen auf Frankfurter Str.
Duration: 38.7 minutes (2320 seconds)
Distance: 40.1 km
Duration without traffic: 42.8 minutes
Traffic delay: -245 seconds (-4.1 minutes)
--------------------------------------------------------------------------------
