Found 3 route(s)

================================================================================

ROUTE 1:
--------------------------------------------------------------------------------
Route via: Links halten und weiter auf Neuwirtshäuser Str., Rechts abbiegen auf Auheimer Str., Die Auffahrt auf Sossenheimer Str. nehmen
Duration: 38.2 minutes (2292 seconds)
Distance: 44.5 km
Duration without traffic: 36.2 minutes
Traffic delay: 120 seconds (2.0 minutes)
--------------------------------------------------------------------------------

ROUTE 2:
--------------------------------------------------------------------------------
Route via: Die Auffahrt auf Sossenheimer Str. nehmen, Rechts abbiegen auf Frankfurter Str.
Duration: 42.3 minutes (2537 seconds)
Distance: 61.4 km
Duration without traffic: 41.2 minutes
Traffic delay: 66 seconds (1.1 minutes)
--------------------------------------------------------------------------------

ROUTE 3:
--------------------------------------------------------------------------------
Route via: Die Auffahrt auf Sossenheimer Str. nehmen, Rechts abbiegen auf Frankfurter Str., Rechts abbiegen auf Rat-Beil-Straße
Duration: 45.1 minutes (2707 seconds)
Distance: 40.1 km
Duration without traffic: 42.8 minutes
Traffic delay: 142 seconds (2.4 minutes)
--------------------------------------------------------------------------------
