Found 3 route(s)

================================================================================

ROUTE 1:
--------------------------------------------------------------------------------
Route via: Links halten und weiter auf Neuwirtshäuser Str., Rechts abbiegen auf Auheimer Str., Nach links abbiegen, um auf Neuwirtshäuser Str. zu bleiben
Duration: 34.9 minutes (2092 seconds)
Distance: 44.5 km
Duration without traffic: 36.2 minutes
Traffic delay: -80 seconds (-1.3 minutes)
--------------------------------------------------------------------------------

ROUTE 2:
--------------------------------------------------------------------------------
Route via: Die Auffahrt auf Sossenheimer Str. nehmen, Rechts abbiegen auf Rat-Beil-Straße, Rechts abbiegen auf Frankfurter Str.
Duration: 40.3 minutes (2416 seconds)
Distance: 40.1 km
Duration without traffic: 42.8 minutes
Traffic delay: -149 seconds (-2.5 minutes)
--------------------------------------------------------------------------------

ROUTE 3:
--------------------------------------------------------------------------------
Route via: Links halten und weiter auf Neuwirtshäuser Str., Rechts abbiegen auf Auheimer Str., Nach links abbiegen, um auf Neuwirtshäuser Str. zu bleiben
Duration: 42.4 minutes (2546 seconds)
Distance: 55.6 km
Duration without traffic: 44.0 minutes
Traffic delay: -92 seconds (-1.5 minutes)
--------------------------------------------------------------------------------
