Found 3 route(s)

================================================================================

ROUTE 1:
--------------------------------------------------------------------------------
Route via: Die Auffahrt auf Sossenheimer Str. nehmen, Nach links abbiegen, um auf Neuwirtshäuser Str. zu bleiben, Links halten und weiter auf Neuwirtshäuser Str.
Duration: 38.7 minutes (2321 seconds)
Distance: 44.5 km
Duration without traffic: 36.2 minutes
Traffic delay: 149 seconds (2.5 minutes)
--------------------------------------------------------------------------------

ROUTE 2:
--------------------------------------------------------------------------------
Route via: Rechts abbiegen auf Frankfurter Str., Die Auffahrt auf Sossenheimer Str. nehmen
Duration: 42.7 minutes (2564 seconds)
Distance: 61.4 km
Duration without traffic: 41.2 minutes
Traffic delay: 93 seconds (1.6 minutes)
--------------------------------------------------------------------------------

ROUTE 3:
--------------------------------------------------------------------------------
Route via: Rechts abbiegen auf Rat-Beil-Straße, Weiter auf Aschaffenburger Str., Rechts abbiegen auf Frankfurter Str.
Duration: 43.9 minutes (2634 seconds)
Distance: 40.1 km
Duration without traffic: 42.8 minutes
Traffic delay: 69 seconds (1.1 minutes)
--------------------------------------------------------------------------------
