Found 3 route(s)

================================================================================

ROUTE 1:
--------------------------------------------------------------------------------
Route via: Rechts abbiegen auf Frankfurter Str., Rechts abbiegen auf Auheimer Str., Nach links abbiegen, um auf Neuwirtshäuser Str. zu bleiben
Duration: 33.1 minutes (1984 seconds)
Distance: 44.5 km
Duration without traffic: 36.2 minutes
Traffic delay: -188 seconds (-3.1 minutes)
--------------------------------------------------------------------------------

ROUTE 2:
--------------------------------------------------------------------------------
Route via: Rechts abbiegen auf Frankfurter Str., Rechts abbiegen auf Rat-Beil-Straße, Die Auffahrt auf Sossenheimer Str. nehmen
Duration: 36.7 minutes (2204 seconds)
Distance: 40.1 km
Duration without traffic: 42.8 minutes
Traffic delay: -361 seconds (-6.0 minutes)
--------------------------------------------------------------------------------

ROUTE 3:
--------------------------------------------------------------------------------
Route via: Rechts abbiegen auf Frankfurter Str., Rechts abbiegen auf Auheimer Str., Nach links abbiegen, um auf Neuwirtshäuser Str. zu bleiben
Duration: 40.4 minutes (2424 seconds)
Distance: 55.6 km
Duration without traffic: 44.0 minutes
Traffic delay: -214 seconds (-3.6 minutes)
--------------------------------------------------------------------------------
