Found 3 route(s)

================================================================================

ROUTE 1:
--------------------------------------------------------------------------------
Route via: Rechts abbiegen auf Auheimer Str., Nach links abbiegen, um auf Neuwirtshäuser Str. zu bleiben, Die Auffahrt auf Sossenheimer Str. nehmen
Duration: 34.5 minutes (2067 seconds)
Distance: 44.5 km
Duration without traffic: 36.2 minutes
Traffic delay: -105 seconds (-1.8 minutes)
--------------------------------------------------------------------------------

ROUTE 2:
--------------------------------------------------------------------------------
Route via: Rechts abbiegen auf Frankfurter Str., Die Auffahrt auf Sossenheimer Str. nehmen
Duration: 37.9 minutes (2272 seconds)
Distance: 61.4 km
Duration without traffic: 41.2 minutes
Traffic delay: -199 seconds (-3.3 minutes)
--------------------------------------------------------------------------------

ROUTE 3:
--------------------------------------------------------------------------------
Route via: Weiter auf Aschaffenburger Str., Rechts abbiegen auf Frankfurter Str., Die Auffahrt auf Sossenheimer Str. nehmen
Duration: 39.8 minutes (2388 seconds)
Distance: 40.1 km
Duration without traffic: 42.8 minutes
Traffic delay: -177 seconds (-3.0 minutes)
--------------------------------------------------------------------------------
