Found 3 route(s)

================================================================================

ROUTE 1:
--------------------------------------------------------------------------------
Route via: Die Auffahrt auf Sossenheimer Str. nehmen, Rechts abbiegen auf Frankfurter Str., Links halten und weiter auf Neuwirtshäuser Str.
Duration: 37.7 minutes (2260 seconds)
Distance: 44.5 km
Duration without traffic: 36.2 minutes
Traffic delay: 88 seconds (1.5 minutes)
--------------------------------------------------------------------------------

ROUTE 2:
--------------------------------------------------------------------------------
Route via: Die Auffahrt auf Sossenheimer Str. nehmen, Rechts abbiegen auf Rat-Beil-Straße, Weiter auf Aschaffenburger Str.
Duration: 44.5 minutes (2670 seconds)
Distance: 40.1 km
Duration without traffic: 42.8 minutes
Traffic delay: 105 seconds (1.8 minutes)
--------------------------------------------------------------------------------

ROUTE 3:
--------------------------------------------------------------------------------
Route via: Die Auffahrt auf Sossenheimer Str. nehmen, Rechts abbiegen auf Frankfurter Str., Weiter auf Aschaffenburger Str.
Duration: 47.2 minutes (2830 seconds)
Distance: 39.1 km
Duration without traffic: 45.8 minutes
Traffic delay: 85 seconds (1.4 minutes)
--------------------------------------------------------------------------------
