Found 3 route(s)

================================================================================

ROUTE 1:
--------------------------------------------------------------------------------
Route via: Rechts abbiegen auf Frankfurter Str., Rechts abbiegen auf Auheimer Str., Links halten und weiter auf Neuwirtshäuser Str.
Duration: 39.2 minutes (2355 seconds)
Distance: 44.5 km
Duration without traffic: 36.2 minutes
Traffic delay: 183 seconds (3.0 minutes)
--------------------------------------------------------------------------------

ROUTE 2:
--------------------------------------------------------------------------------
Route via: Rechts abbiegen auf Frankfurter Str., Die Auffahrt auf Sossenheimer Str. nehmen
Duration: 42.0 minutes (2518 seconds)
Distance: 61.4 km
Duration without traffic: 41.2 minutes
Traffic delay: 47 seconds (0.8 minutes)
--------------------------------------------------------------------------------

ROUTE 3:
--------------------------------------------------------------------------------
Route via: Rechts abbiegen auf Frankfurter Str., Die Auffahrt auf Sossenheimer Str. nehmen, Rechts abbiegen auf Rat-Beil-Straße
Duration: 47.2 minutes (2833 seconds)
Distance: 40.1 km
Duration without traffic: 42.8 minutes
Traffic delay: 268 seconds (4.5 minutes)
--------------------------------------------------------------------------------
