Found 3 route(s)

================================================================================

ROUTE 1:
--------------------------------------------------------------------------------
Route via: Rechts abbiegen auf Frankfurter Str., Links halten und weiter auf Neuwirtshäuser Str., Nach links abbiegen, um auf Neuwirtshäuser Str. zu bleiben
Duration: 33.8 minutes (2027 seconds)
Distance: 44.5 km
Duration without traffic: 36.2 minutes
Traffic delay: -145 seconds (-2.4 minutes)
--------------------------------------------------------------------------------

ROUTE 2:
--------------------------------------------------------------------------------
Route via: Weiter auf Aschaffenburger Str., Rechts abbiegen auf Rat-Beil-Straße, Rechts abbiegen auf Frankfurter Str.
Duration: 38.1 minutes (2288 seconds)
Distance: 40.1 km
Duration without traffic: 42.8 minutes
Traffic delay: -277 seconds (-4.6 minutes)
--------------------------------------------------------------------------------

ROUTE 3:
--------------------------------------------------------------------------------
Route via: Rechts abbiegen auf Frankfurter Str., Links halten und weiter auf Neuwirtshäuser Str., Nach links abbiegen, um auf Neuwirtshäuser Str. zu bleiben
Duration: 41.2 minutes (2470 seconds)
Distance: 55.6 km
Duration without traffic: 44.0 minutes
Traffic delay: -168 seconds (-2.8 minutes)
--------------------------------------------------------------------------------
