Found 3 route(s)

================================================================================

ROUTE 1:
--------------------------------------------------------------------------------
Route via: Links halten und weiter auf Neuwirtshäuser Str., Die Auffahrt auf Sossenheimer Str. nehmen, Nach links abbiegen, um auf Neuwirtshäuser Str. zu bleiben
Duration: 34.9 minutes (2095 seconds)
Distance: 44.5 km
Duration without traffic: 36.2 minutes
Traffic delay: -77 seconds (-1.3 minutes)
--------------------------------------------------------------------------------

ROUTE 2:
--------------------------------------------------------------------------------
Route via: Rechts abbiegen auf Frankfurter Str., Weiter auf Aschaffenburger Str., Rechts abbiegen auf Rat-Beil-Straße
Duration: 40.6 minutes (2439 seconds)
Distance: 40.1 km
Duration without traffic: 42.8 minutes
Traffic delay: -126 seconds (-2.1 minutes)
--------------------------------------------------------------------------------

ROUTE 3:
--------------------------------------------------------------------------------
Route via: Links halten und weiter auf Neuwirtshäuser Str., Die Auffahrt auf Sossenheimer Str. nehmen, Nach links abbiegen, um auf Neuwirtshäuser Str. zu bleiben
Duration: 42.6 minutes (2555 seconds)
Distance: 55.6 km
Duration without traffic: 44.0 minutes
Traffic delay: -83 seconds (-1.4 minutes)
--------------------------------------------------------------------------------
