Found 3 route(s)

================================================================================

ROUTE 1:
--------------------------------------------------------------------------------
Route via: Nach links abbiegen, um auf Neuwirtshäuser Str. zu bleiben, Rechts abbiegen auf Auheimer Str., Rechts abbiegen auf Frankfurter Str.
Duration: 39.9 minutes (2392 seconds)
Distance: 44.5 km
Duration without traffic: 36.2 minutes
Traffic delay: 220 seconds (3.7 minutes)
--------------------------------------------------------------------------------

ROUTE 2:
--------------------------------------------------------------------------------
Route via: Weiter auf Aschaffenburger Str., Rechts abbiegen auf Frankfurter Str., Bei Ausfahrt 33-Maintal-Bischofsheim Richtung Maintal-Bischofsheim/West/Frankfurt/Stadtmitte fahren
Duration: 42.5 minutes (2547 seconds)
Distance: 51.0 km
Duration without traffic: 43.2 minutes
Traffic delay: -47 seconds (-0.8 minutes)
--------------------------------------------------------------------------------

ROUTE 3:
--------------------------------------------------------------------------------
Route via: Weiter auf Aschaffenburger Str., Rechts abbiegen auf Rat-Beil-Straße, Rechts abbiegen auf Frankfurter Str.
Duration: 44.1 minutes (2647 seconds)
Distance: 40.1 km
Duration without traffic: 42.8 minutes
Traffic delay: 82 seconds (1.4 minutes)
--------------------------------------------------------------------------------
