Found 3 route(s)

================================================================================

ROUTE 1:
--------------------------------------------------------------------------------
Route via: Rechts abbiegen auf Frankfurter Str., Die Auffahrt auf Sossenheimer Str. nehmen, Rechts abbiegen auf Auheimer Str.
Duration: 36.8 minutes (2206 seconds)
Distance: 44.5 km
Duration without traffic: 36.2 minutes
Traffic delay: 34 seconds (0.6 minutes)
--------------------------------------------------------------------------------

ROUTE 2:
--------------------------------------------------------------------------------
Route via: Die Auffahrt auf Sossenheimer Str. nehmen, Weiter auf Aschaffenburger Str., Rechts abbiegen auf Frankfurter Str.
Duration: 43.9 minutes (2633 seconds)
Distance: 40.1 km
Duration without traffic: 42.8 minutes
Traffic delay: 68 seconds (1.1 minutes)
--------------------------------------------------------------------------------

ROUTE 3:
--------------------------------------------------------------------------------
Route via: Die Auffahrt auf Sossenheimer Str. nehmen, Weiter auf Aschaffenburger Str., Rechts abbiegen auf Frankfurter Str.
Duration: 46.7 minutes (2800 seconds)
Distance: 39.1 km
Duration without traffic: 45.8 minutes
Traffic delay: 55 seconds (0.9 minutes)
--------------------------------------------------------------------------------
