Found 3 route(s)

================================================================================

ROUTE 1:
--------------------------------------------------------------------------------
Route via: Rechts abbiegen auf Frankfurter Str., Nach links abbiegen, um auf Neuwirtshäuser Str. zu bleiben, Rechts abbiegen auf Auheimer Str.
Duration: 33.4 minutes (2003 seconds)
Distance: 44.5 km
Duration without traffic: 36.2 minutes
Traffic delay: -169 seconds (-2.8 minutes)
--------------------------------------------------------------------------------

ROUTE 2:
--------------------------------------------------------------------------------
Route via: Rechts abbiegen auf Frankfurter Str., Die Auffahrt auf Sossenheimer Str. nehmen, Weiter auf Aschaffenburger Str.
Duration: 37.5 minutes (2247 seconds)
Distance: 40.1 km
Duration without traffic: 42.8 minutes
Traffic delay: -318 seconds (-5.3 minutes)
--------------------------------------------------------------------------------

ROUTE 3:
--------------------------------------------------------------------------------
Route via: Rechts abbiegen auf Frankfurter Str., Nach links abbiegen, um auf Neuwirtshäuser Str. zu bleiben, Rechts abbiegen auf Auheimer Str.
Duration: 40.6 minutes (2438 seconds)
Distance: 55.6 km
Duration without traffic: 44.0 minutes
Traffic delay: -200 seconds (-3.3 minutes)
--------------------------------------------------------------------------------
