Found 3 route(s)

================================================================================

ROUTE 1:
--------------------------------------------------------------------------------
Route via: Links halten und weiter auf Neuwirtshäuser Str., Nach links abbiegen, um auf Neuwirtshäuser Str. zu bleiben, Rechts abbiegen auf Frankfurter Str.
Duration: 39.8 minutes (2387 seconds)
Distance: 44.5 km
Duration without traffic: 36.2 minutes
Traffic delay: 215 seconds (3.6 minutes)
--------------------------------------------------------------------------------

ROUTE 2:
--------------------------------------------------------------------------------
Route via: Rechts abbiegen auf Frankfurter Str., Die Auffahrt auf Sossenheimer Str. nehmen
Duration: 42.2 minutes (2532 seconds)
Distance: 61.4 km
Duration without traffic: 41.2 minutes
Traffic delay: 61 seconds (1.0 minutes)
--------------------------------------------------------------------------------

ROUTE 3:
--------------------------------------------------------------------------------
Route via: Weiter auf Aschaffenburger Str., Die Auffahrt auf Sossenheimer Str. nehmen, Rechts abbiegen auf Frankfurter Str.
Duration: 42.9 minutes (2574 seconds)
Distance: 40.1 km
Duration without traffic: 42.8 minutes
Traffic delay: 9 seconds (0.1 minutes)
--------------------------------------------------------------------------------
