Found 3 route(s)

================================================================================

ROUTE 1:
--------------------------------------------------------------------------------
Route via: Rechts abbiegen auf Auheimer Str., Die Auffahrt auf Sossenheimer Str. nehmen, Rechts abbiegen auf Frankfurter Str.
Duration: 35.9 minutes (2151 seconds)
Distance: 44.5 km
Duration without traffic: 36.2 minutes
Traffic delay: -21 seconds (-0.3 minutes)
--------------------------------------------------------------------------------

ROUTE 2:
--------------------------------------------------------------------------------
Route via: Die Auffahrt auf Sossenheimer Str. nehmen, Weiter auf Aschaffenburger Str., Rechts abbiegen auf Rat-Beil-Straße
Duration: 42.5 minutes (2553 seconds)
Distance: 40.1 km
Duration without traffic: 42.8 minutes
Traffic delay: -12 seconds (-0.2 minutes)
--------------------------------------------------------------------------------

ROUTE 3:
--------------------------------------------------------------------------------
Route via: Die Auffahrt auf Sossenheimer Str. nehmen, Weiter auf Aschaffenburger Str., Bei Ausfahrt 33-Maintal-Bischofsheim Richtung Maintal-Bischofsheim/West/Frankfurt/Stadtmitte fahren
Duration: 41.7 minutes (2503 seconds)
Distance: 51.0 km
Duration without traffic: 43.2 minutes
Traffic delay: -91 seconds (-1.5 minutes)
--------------------------------------------------------------------------------
