Found 3 route(s)

================================================================================

ROUTE 1:
--------------------------------------------------------------------------------
Route via: Rechts abbiegen auf Auheimer Str., Rechts abbiegen auf Frankfurter Str., Die Auffahrt auf Sossenheimer Str. nehmen
Duration: 34.6 minutes (2075 seconds)
Distance: 44.5 km
Duration without traffic: 36.2 minutes
Traffic delay: -97 seconds (-1.6 minutes)
--------------------------------------------------------------------------------

ROUTE 2:
--------------------------------------------------------------------------------
Route via: Rechts abbiegen auf Frankfurter Str., Die Auffahrt auf Sossenheimer Str. nehmen, Rechts abbiegen auf Rat-Beil-Straße
Duration: 40.0 minutes (2402 seconds)
Distance: 40.1 km
Duration without traffic: 42.8 minutes
Traffic delay: -163 seconds (-2.7 minutes)
--------------------------------------------------------------------------------

ROUTE 3:
--------------------------------------------------------------------------------
Route via: Rechts abbiegen auf Auheimer Str., Rechts abbiegen auf Frankfurter Str., Die Auffahrt auf Sossenheimer Str. nehmen
Duration: 42.3 minutes (2539 seconds)
Distance: 55.6 km
Duration without traffic: 44.0 minutes
Traffic delay: -99 seconds (-1.6 minutes)
--------------------------------------------------------------------------------
