Found 3 route(s)

================================================================================

ROUTE 1:
--------------------------------------------------------------------------------
Route via: Die Auffahrt auf Sossenheimer Str. nehmen, Links halten und weiter auf Neuwirtshäuser Str., Rechts abbiegen auf Frankfurter Str.
Duration: 34.9 minutes (2091 seconds)
Distance: 44.5 km
Duration without traffic: 36.2 minutes
Traffic delay: -81 seconds (-1.4 minutes)
--------------------------------------------------------------------------------

ROUTE 2:
--------------------------------------------------------------------------------
Route via: Rechts abbiegen auf Rat-Beil-Straße, Weiter auf Aschaffenburger Str., Die Auffahrt auf Sossenheimer Str. nehmen
Duration: 41.0 minutes (2463 seconds)
Distance: 40.1 km
Duration without traffic: 42.8 minutes
Traffic delay: -102 seconds (-1.7 minutes)
--------------------------------------------------------------------------------

ROUTE 3:
--------------------------------------------------------------------------------
Route via: Bei Ausfahrt 33-Maintal-Bischofsheim Richtung Maintal-Bischofsheim/West/Frankfurt/Stadtmitte fahren, Die Auffahrt auf Sossenheimer Str. nehmen, Weiter auf Aschaffenburger Str.
Duration: 41.3 minutes (2479 seconds)
Distance: 51.0 km
Duration without traffic: 43.2 minutes
Traffic delay: -115 seconds (-1.9 minutes)
--------------------------------------------------------------------------------
