Found 3 route(s)

================================================================================

ROUTE 1:
--------------------------------------------------------------------------------
Route via: Rechts abbiegen auf Auheimer Str., Links halten und weiter auf Neuwirtshäuser Str., Rechts abbiegen auf Frankfurter Str.
Duration: 33.6 minutes (2014 seconds)
Distance: 44.5 km
Duration without traffic: 36.2 minutes
Traffic delay: -158 seconds (-2.6 minutes)
--------------------------------------------------------------------------------

ROUTE 2:
--------------------------------------------------------------------------------
Route via: Die Auffahrt auf Sossenheimer Str. nehmen, Weiter auf Aschaffenburger Str., Rechts abbiegen auf Frankfurter Str.
Duration: 37.8 minutes (2267 seconds)
Distance: 40.1 km
Duration without traffic: 42.8 minutes
Traffic delay: -298 seconds (-5.0 minutes)
--------------------------------------------------------------------------------

ROUTE 3:
--------------------------------------------------------------------------------
Route via: Rechts abbiegen auf Auheimer Str., Links halten und weiter auf Neuwirtshäuser Str., Rechts abbiegen auf Frankfurter Str.
Duration: 40.8 minutes (2448 seconds)
Distance: 55.6 km
Duration without traffic: 44.0 minutes
Traffic delay: -190 seconds (-3.2 minutes)
--------------------------------------------------------------------------------
