Found 3 route(s)

================================================================================

ROUTE 1:
--------------------------------------------------------------------------------
Route via: Rechts abbiegen auf Frankfurter Str., Die Auffahrt auf Sossenheimer Str. nehmen, Links halten und weiter auf Neuwirtshäuser Str.
Duration: 32.8 minutes (1969 seconds)
Distance: 44.5 km
Duration without traffic: 36.2 minutes
Traffic delay: -203 seconds (-3.4 minutes)
--------------------------------------------------------------------------------

ROUTE 2:
--------------------------------------------------------------------------------
Route via: Rechts abbiegen auf Rat-Beil-Straße, Weiter auf Aschaffenburger Str., Rechts abbiegen auf Frankfurter Str.
Duration: 37.2 minutes (2230 seconds)
Distance: 40.1 km
Duration without traffic: 42.8 minutes
Traffic delay: -335 seconds (-5.6 minutes)
--------------------------------------------------------------------------------

ROUTE 3:
--------------------------------------------------------------------------------
Route via: Rechts abbiegen auf Frankfurter Str., Die Auffahrt auf Sossenheimer Str. nehmen, Links halten und weiter auf Neuwirtshäuser Str.
Duration: 40.3 minutes (2416 seconds)
Distance: 55.6 km
Duration without traffic: 44.0 minutes
Traffic delay: -222 seconds (-3.7 minutes)
--------------------------------------------------------------------------------
