Found 3 route(s)

================================================================================

ROUTE 1:
--------------------------------------------------------------------------------
Route via: Rechts abbiegen auf Auheimer Str., Nach links abbiegen, um auf Neuwirtshäuser Str. zu bleiben, Die Auffahrt auf Sossenheimer Str. nehmen
Duration: 33.7 minutes (2020 seconds)
Distance: 44.5 km
Duration without traffic: 36.2 minutes
Traffic delay: -152 seconds (-2.5 minutes)
--------------------------------------------------------------------------------

ROUTE 2:
--------------------------------------------------------------------------------
Route via: Rechts abbiegen auf Frankfurter Str., Die Auffahrt auf Sossenheimer Str. nehmen, Rechts abbiegen auf Rat-Beil-Straße
Duration: 37.8 minutes (2265 seconds)
Distance: 40.1 km
Duration without traffic: 42.8 minutes
Traffic delay: -300 seconds (-5.0 minutes)
--------------------------------------------------------------------------------

ROUTE 3:
--------------------------------------------------------------------------------
Route via: Rechts abbiegen auf Frankfurter Str., Die Auffahrt auf Sossenheimer Str. nehmen
Duration: 40.1 minutes (2404 seconds)
Distance: 61.4 km
Duration without traffic: 41.2 minutes
Traffic delay: -67 seconds (-1.1 minutes)
--------------------------------------------------------------------------------
