Found 3 route(s)

================================================================================

ROUTE 1:
--------------------------------------------------------------------------------
Route via: Rechts abbiegen auf Auheimer Str., Links halten und weiter auf Neuwirtshäuser Str., Nach links abbiegen, um auf Neuwirtshäuser Str. zu bleiben
Duration: 34.8 minutes (2085 seconds)
Distance: 44.5 km
Duration without traffic: 36.2 minutes
Traffic delay: -87 seconds (-1.4 minutes)
--------------------------------------------------------------------------------

ROUTE 2:
--------------------------------------------------------------------------------
Route via: Die Auffahrt auf Sossenheimer Str. nehmen, Rechts abbiegen auf Frankfurter Str.
Duration: 38.1 minutes (2284 seconds)
Distance: 61.4 km
Duration without traffic: 41.2 minutes
Traffic delay: -187 seconds (-3.1 minutes)
--------------------------------------------------------------------------------

ROUTE 3:
--------------------------------------------------------------------------------
Route via: Rechts abbiegen auf Rat-Beil-Straße, Weiter auf Aschaffenburger Str., Die Auffahrt auf Sossenheimer Str. nehmen
Duration: 38.9 minutes (2332 seconds)
Distance: 40.1 km
Duration without traffic: 42.8 minutes
Traffic delay: -233 seconds (-3.9 minutes)
--------------------------------------------------------------------------------
