Found 3 route(s)

================================================================================

ROUTE 1:
--------------------------------------------------------------------------------
Route via: Nach links abbiegen, um auf Neuwirtshäuser Str. zu bleiben, Die Auffahrt auf Sossenheimer Str. nehmen, Links halten und weiter auf Neuwirtshäuser Str.
Duration: 39.8 minutes (2389 seconds)
Distance: 44.5 km
Duration without traffic: 36.2 minutes
Traffic delay: 217 seconds (3.6 minutes)
--------------------------------------------------------------------------------

ROUTE 2:
--------------------------------------------------------------------------------
Route via: Rechts abbiegen auf Frankfurter Str., Die Auffahrt auf Sossenheimer Str. nehmen
Duration: 42.1 minutes (2526 seconds)
Distance: 61.4 km
Duration without traffic: 41.2 minutes
Traffic delay: 55 seconds (0.9 minutes)
--------------------------------------------------------------------------------

ROUTE 3:
--------------------------------------------------------------------------------
Route via: Rechts abbiegen auf Frankfurter Str., Weiter auf Aschaffenburger Str., Rechts abbiegen auf Rat-Beil-Straße
Duration: 47.3 minutes (2838 seconds)
Distance: 40.1 km
Duration without traffic: 42.8 minutes
Traffic delay: 273 seconds (4.5 minutes)
--------------------------------------------------------------------------------
