Found 3 route(s)

================================================================================

ROUTE 1:
--------------------------------------------------------------------------------
Route via: Rechts abbiegen auf Auheimer Str., Die Auffahrt auf Sossenheimer Str. nehmen, Nach links abbiegen, um auf Neuwirtshäuser Str. zu bleiben
Duration: 37.0 minutes (2219 seconds)
Distance: 44.5 km
Duration without traffic: 36.2 minutes
Traffic delay: 47 seconds (0.8 minutes)
--------------------------------------------------------------------------------

ROUTE 2:
--------------------------------------------------------------------------------
Route via: Die Auffahrt auf Sossenheimer Str. nehmen, Rechts abbiegen auf Frankfurter Str.
Duration: 41.7 minutes (2503 seconds)
Distance: 61.4 km
Duration without traffic: 41.2 minutes
Traffic delay: 32 seconds (0.5 minutes)
--------------------------------------------------------------------------------

ROUTE 3:
--------------------------------------------------------------------------------
Route via: Rechts abbiegen auf Rat-Beil-Straße, Weiter auf Aschaffenburger Str., Die Auffahrt auf Sossenheimer Str. nehmen
Duration: 44.6 minutes (2675 seconds)
Distance: 40.1 km
Duration without traffic: 42.8 minutes
Traffic delay: 110 seconds (1.8 minutes)
--------------------------------------------------------------------------------
