Found 3 route(s)

================================================================================

ROUTE 1:
--------------------------------------------------------------------------------
Route via: Rechts abbiegen auf Frankfurter Str., Nach links abbiegen, um auf Neuwirtshäuser Str. zu bleiben, Die Auffahrt auf Sossenheimer Str. nehmen
Duration: 34.9 minutes (2095 seconds)
Distance: 44.5 km
Duration without traffic: 36.2 minutes
Traffic delay: -77 seconds (-1.3 minutes)
--------------------------------------------------------------------------------

ROUTE 2:
--------------------------------------------------------------------------------
Route via: Die Auffahrt auf Sossenheimer Str. nehmen, Weiter auf Aschaffenburger Str., Rechts abbiegen auf Frankfurter Str.
Duration: 40.5 minutes (2432 seconds)
Distance: 40.1 km
Duration without traffic: 42.8 minutes
Traffic delay: -133 seconds (-2.2 minutes)
--------------------------------------------------------------------------------

ROUTE 3:
--------------------------------------------------------------------------------
Route via: Die Auffahrt auf Sossenheimer Str. nehmen, Rechts abbiegen auf Frankfurter Str.
Duration: 40.4 minutes (2425 seconds)
Distance: 61.4 km
Duration without traffic: 41.2 minutes
Traffic delay: -46 seconds (-0.8 minutes)
--------------------------------------------------------------------------------
