Found 3 route(s)

================================================================================

ROUTE 1:
--------------------------------------------------------------------------------
Route via: Links halten und weiter auf Neuwirtshäuser Str., Nach links abbiegen, um auf Neuwirtshäuser Str. zu bleiben, Rechts abbiegen auf Frankfurter Str.
Duration: 34.4 minutes (2064 seconds)
Distance: 44.5 km
Duration without traffic: 36.2 minutes
Traffic delay: -108 seconds (-1.8 minutes)
--------------------------------------------------------------------------------

ROUTE 2:
--------------------------------------------------------------------------------
Route via: Rechts abbiegen auf Rat-Beil-Straße, Die Auffahrt auf Sossenheimer Str. nehmen, Weiter auf Aschaffenburger Str.
Duration: 39.5 minutes (2373 seconds)
Distance: 40.1 km
Duration without traffic: 42.8 minutes
Traffic delay: -192 seconds (-3.2 minutes)
--------------------------------------------------------------------------------

ROUTE 3:
--------------------------------------------------------------------------------
Route via: Links halten und weiter auf Neuwirtshäuser Str., Nach links abbiegen, um auf Neuwirtshäuser Str. zu bleiben, Rechts abbiegen auf Frankfurter Str.
Duration: 41.9 minutes (2515 seconds)
Distance: 55.6 km
Duration without traffic: 44.0 minutes
Traffic delay: -123 seconds (-2.0 minutes)
--------------------------------------------------------------------------------
