Found 3 route(s)

================================================================================

ROUTE 1:
--------------------------------------------------------------------------------
Route via: Rechts abbiegen auf Auheimer Str., Nach links abbiegen, um auf Neuwirtshäuser Str. zu bleiben, Links halten und weiter auf Neuwirtshäuser Str.
Duration: 32.7 minutes (1960 seconds)
Distance: 44.5 km
Duration without traffic: 36.2 minutes
Traffic delay: -212 seconds (-3.5 minutes)
--------------------------------------------------------------------------------

ROUTE 2:
--------------------------------------------------------------------------------
Route via: Rechts abbiegen auf Rat-Beil-Straße, Rechts abbiegen auf Frankfurter Str., Die Auffahrt auf Sossenheimer Str. nehmen
Duration: 37.0 minutes (2222 seconds)
Distance: 40.1 km
Duration without traffic: 42.8 minutes
Traffic delay: -343 seconds (-5.7 minutes)
--------------------------------------------------------------------------------

ROUTE 3:
--------------------------------------------------------------------------------
Route via: Rechts abbiegen auf Auheimer Str., Nach links abbiegen, um auf Neuwirtshäuser Str. zu bleiben, Links halten und weiter auf Neuwirtshäuser Str.
Duration: 40.2 minutes (2410 seconds)
Distance: 55.6 km
Duration without traffic: 44.0 minutes
Traffic delay: -228 seconds (-3.8 minutes)
--------------------------------------------------------------------------------
