Found 3 route(s)

================================================================================

ROUTE 1:
--------------------------------------------------------------------------------
Route via: Links halten und weiter auf Neuwirtshäuser Str., Rechts abbiegen auf Auheimer Str., Nach links abbiegen, um auf Neuwirtshäuser Str. zu bleiben
Duration: 38.2 minutes (2291 seconds)
Distance: 44.5 km
Duration without traffic: 36.2 minutes
Traffic delay: 119 seconds (2.0 minutes)
--------------------------------------------------------------------------------

ROUTE 2:
--------------------------------------------------------------------------------
Route via: Weiter auf Aschaffenburger Str., Rechts abbiegen auf Frankfurter Str., Die Auffahrt auf Sossenheimer Str. nehmen
Duration: 43.5 minutes (2611 seconds)
Distance: 51.0 km
Duration without traffic: 43.2 minutes
Traffic delay: 17 seconds (0.3 minutes)
--------------------------------------------------------------------------------

ROUTE 3:
--------------------------------------------------------------------------------
Route via: Rechts abbiegen auf Rat-Beil-Straße, Weiter auf Aschaffenburger Str., Die Auffahrt auf Sossenheimer Str. nehmen
Duration: 45.0 minutes (2700 seconds)
Distance: 40.1 km
Duration without traffic: 42.8 minutes
Traffic delay: 135 seconds (2.2 minutes)
--------------------------------------------------------------------------------
