Found 3 route(s)

================================================================================

ROUTE 1:
--------------------------------------------------------------------------------
Route via: Nach links abbiegen, um auf Neuwirtshäuser Str. zu bleiben, Rechts abbiegen auf Frankfurter Str., Rechts abbiegen auf Auheimer Str.
Duration: 34.6 minutes (2076 seconds)
Distance: 44.5 km
Duration without traffic: 36.2 minutes
Traffic delay: -96 seconds (-1.6 minutes)
--------------------------------------------------------------------------------

ROUTE 2:
--------------------------------------------------------------------------------
Route via: Rechts abbiegen auf Frankfurter Str., Die Auffahrt auf Sossenheimer Str. nehmen
Duration: 37.8 minutes (2267 seconds)
Distance: 61.4 km
Duration without traffic: 41.2 minutes
Traffic delay: -204 seconds (-3.4 minutes)
--------------------------------------------------------------------------------

ROUTE 3:
--------------------------------------------------------------------------------
Route via: Rechts abbiegen auf Frankfurter Str., Rechts abbiegen auf Rat-Beil-Straße, Die Auffahrt auf Sossenheimer Str. nehmen
Duration: 38.8 minutes (2328 seconds)
Distance: 40.1 km
Duration without traffic: 42.8 minutes
Traffic delay: -237 seconds (-4.0 minutes)
--------------------------------------------------------------------------------
