Found 3 route(s)

================================================================================

ROUTE 1:
--------------------------------------------------------------------------------
Route via: Links halten und weiter auf Neuwirtshäuser Str., Nach links abbiegen, um auf Neuwirtshäuser Str. zu bleiben, Die Auffahrt auf Sossenheimer Str. nehmen
Duration: 34.1 minutes (2047 seconds)
Distance: 44.5 km
Duration without traffic: 36.2 minutes
Traffic delay: -125 seconds (-2.1 minutes)
--------------------------------------------------------------------------------

ROUTE 2:
--------------------------------------------------------------------------------
Route via: Rechts abbiegen auf Rat-Beil-Straße, Die Auffahrt auf Sossenheimer Str. nehmen, Weiter auf Aschaffenburger Str.
Duration: 39.4 minutes (2363 seconds)
Distance: 40.1 km
Duration without traffic: 42.8 minutes
Traffic delay: -202 seconds (-3.4 minutes)
--------------------------------------------------------------------------------

ROUTE 3:
--------------------------------------------------------------------------------
Route via: Die Auffahrt auf Sossenheimer Str. nehmen, Rechts abbiegen auf Frankfurter Str.
Duration: 40.0 minutes (2402 seconds)
Distance: 61.4 km
Duration without traffic: 41.2 minutes
Traffic delay: -69 seconds (-1.1 minutes)
--------------------------------------------------------------------------------
