Found 3 route(s)

================================================================================

ROUTE 1:
--------------------------------------------------------------------------------
Route via: Rechts abbiegen auf Frankfurter Str., Die Auffahrt auf Sossenheimer Str. nehmen, Links halten und weiter auf Neuwirtshäuser Str.
Duration: 39.0 minutes (2339 seconds)
Distance: 44.5 km
Duration without traffic: 36.2 minutes
Traffic delay: 167 seconds (2.8 minutes)
--------------------------------------------------------------------------------

ROUTE 2:
--------------------------------------------------------------------------------
Route via: Rechts abbiegen auf Frankfurter Str., Die Auffahrt auf Sossenheimer Str. nehmen
Duration: 41.5 minutes (2487 seconds)
Distance: 61.4 km
Duration without traffic: 41.2 minutes
Traffic delay: 16 seconds (0.3 minutes)
--------------------------------------------------------------------------------

ROUTE 3:
--------------------------------------------------------------------------------
Route via: Rechts abbiegen auf Frankfurter Str., Weiter auf Aschaffenburger Str., Rechts abbiegen auf Rat-Beil-Straße
Duration: 45.1 minutes (2705 seconds)
Distance: 40.1 km
Duration without traffic: 42.8 minutes
Traffic delay: 140 seconds (2.3 minutes)
--------------------------------------------------------------------------------
