Found 3 route(s)

================================================================================

ROUTE 1:
--------------------------------------------------------------------------------
Route via: Rechts abbiegen auf Auheimer Str., Links halten und weiter auf Neuwirtshäuser Str., Die Auffahrt auf Sossenheimer Str. nehmen
Duration: 36.7 minutes (2200 seconds)
Distance: 44.5 km
Duration without traffic: 36.2 minutes
Traffic delay: 28 seconds (0.5 minutes)
--------------------------------------------------------------------------------

ROUTE 2:
--------------------------------------------------------------------------------
Route via: Rechts abbiegen auf Rat-Beil-Straße, Die Auffahrt auf Sossenheimer Str. nehmen, Weiter auf Aschaffenburger Str.
Duration: 43.6 minutes (2618 seconds)
Distance: 40.1 km
Duration without traffic: 42.8 minutes
Traffic delay: 53 seconds (0.9 minutes)
--------------------------------------------------------------------------------

ROUTE 3:
--------------------------------------------------------------------------------
Route via: Die Auffahrt auf Sossenheimer Str. nehmen, Weiter auf Aschaffenburger Str., Rechts abbiegen auf Frankfurter Str.
Duration: 46.3 minutes (2777 seconds)
Distance: 39.1 km
Duration without traffic: 45.8 minutes
Traffic delay: 32 seconds (0.5 minutes)
--------------------------------------------------------------------------------
